TN:
SF:src/api/api.ts
FN:9,(anonymous_7)
FN:9,(anonymous_8)
FN:20,(anonymous_9)
FN:20,(anonymous_10)
FN:31,(anonymous_11)
FN:31,(anonymous_12)
FN:43,(anonymous_13)
FN:43,(anonymous_14)
FN:54,(anonymous_15)
FN:54,(anonymous_16)
FN:65,(anonymous_17)
FN:65,(anonymous_18)
FN:76,(anonymous_19)
FN:76,(anonymous_20)
FNF:14
FNH:14
FNDA:1,(anonymous_7)
FNDA:1,(anonymous_8)
FNDA:1,(anonymous_9)
FNDA:1,(anonymous_10)
FNDA:1,(anonymous_11)
FNDA:1,(anonymous_12)
FNDA:1,(anonymous_13)
FNDA:1,(anonymous_14)
FNDA:1,(anonymous_15)
FNDA:1,(anonymous_16)
FNDA:1,(anonymous_17)
FNDA:1,(anonymous_18)
FNDA:1,(anonymous_19)
FNDA:1,(anonymous_20)
DA:3,1
DA:6,1
DA:9,1
DA:10,1
DA:11,1
DA:12,1
DA:14,0
DA:15,0
DA:20,1
DA:21,1
DA:22,1
DA:23,1
DA:25,0
DA:26,0
DA:31,1
DA:32,1
DA:33,1
DA:34,1
DA:35,1
DA:37,0
DA:38,0
DA:43,1
DA:44,1
DA:45,1
DA:46,1
DA:48,0
DA:49,0
DA:54,1
DA:55,1
DA:56,1
DA:57,1
DA:59,0
DA:60,0
DA:65,1
DA:66,1
DA:67,1
DA:68,1
DA:70,0
DA:71,0
DA:76,1
DA:77,1
DA:78,1
DA:79,1
DA:81,0
DA:82,0
LF:45
LH:31
BRF:0
BRH:0
end_of_record
